<?xml version="1.0" encoding="UTF-8"?>
<testsuite xmlns:xsi="http://www.w3.org/2001/XMLSchema-instance" xsi:noNamespaceSchemaLocation="https://maven.apache.org/surefire/maven-surefire-plugin/xsd/surefire-test-report.xsd" name="implementaciones.AlumnosDAOTest" time="0.044" tests="4" errors="4" skipped="0" failures="0">
  <properties>
    <property name="java.specification.version" value="17"/>
    <property name="sun.cpu.isalist" value="amd64"/>
    <property name="sun.jnu.encoding" value="Cp1252"/>
    <property name="java.class.path" value="C:\Users\Maste\OneDrive\Documentos\GitHub\AsistenciaBluetooth-Agiles\asistenciaPersistencia\target\test-classes;C:\Users\Maste\OneDrive\Documentos\GitHub\AsistenciaBluetooth-Agiles\asistenciaPersistencia\target\classes;C:\Users\Maste\.m2\repository\com\itson\mavenproject1\1.0-SNAPSHOT\mavenproject1-1.0-SNAPSHOT.jar;C:\Users\Maste\.m2\repository\org\eclipse\persistence\org.eclipse.persistence.core\2.7.10\org.eclipse.persistence.core-2.7.10.jar;C:\Users\Maste\.m2\repository\org\eclipse\persistence\org.eclipse.persistence.asm\9.2.0\org.eclipse.persistence.asm-9.2.0.jar;C:\Users\Maste\.m2\repository\org\eclipse\persistence\org.eclipse.persistence.antlr\2.7.10\org.eclipse.persistence.antlr-2.7.10.jar;C:\Users\Maste\.m2\repository\org\eclipse\persistence\org.eclipse.persistence.jpa\2.7.10\org.eclipse.persistence.jpa-2.7.10.jar;C:\Users\Maste\.m2\repository\org\eclipse\persistence\org.eclipse.persistence.jpa.jpql\2.7.10\org.eclipse.persistence.jpa.jpql-2.7.10.jar;C:\Users\Maste\.m2\repository\org\eclipse\persistence\org.eclipse.persistence.moxy\2.7.10\org.eclipse.persistence.moxy-2.7.10.jar;C:\Users\Maste\.m2\repository\org\eclipse\persistence\jakarta.persistence\2.2.3\jakarta.persistence-2.2.3.jar;C:\Users\Maste\.m2\repository\org\xerial\sqlite-jdbc\3.34.0\sqlite-jdbc-3.34.0.jar;C:\Users\Maste\.m2\repository\org\junit\jupiter\junit-jupiter-api\5.6.0\junit-jupiter-api-5.6.0.jar;C:\Users\Maste\.m2\repository\org\apiguardian\apiguardian-api\1.1.0\apiguardian-api-1.1.0.jar;C:\Users\Maste\.m2\repository\org\opentest4j\opentest4j\1.2.0\opentest4j-1.2.0.jar;C:\Users\Maste\.m2\repository\org\junit\platform\junit-platform-commons\1.6.0\junit-platform-commons-1.6.0.jar;C:\Users\Maste\.m2\repository\org\junit\jupiter\junit-jupiter-params\5.6.0\junit-jupiter-params-5.6.0.jar;C:\Users\Maste\.m2\repository\org\junit\jupiter\junit-jupiter-engine\5.6.0\junit-jupiter-engine-5.6.0.jar;C:\Users\Maste\.m2\repository\org\junit\platform\junit-platform-engine\1.6.0\junit-platform-engine-1.6.0.jar;"/>
    <property name="java.vm.vendor" value="Oracle Corporation"/>
    <property name="sun.arch.data.model" value="64"/>
    <property name="user.variant" value=""/>
    <property name="java.vendor.url" value="https://java.oracle.com/"/>
    <property name="user.timezone" value="America/Hermosillo"/>
    <property name="os.name" value="Windows 10"/>
    <property name="java.vm.specification.version" value="17"/>
    <property name="user.country" value="MX"/>
    <property name="sun.java.launcher" value="SUN_STANDARD"/>
    <property name="sun.boot.library.path" value="C:\Program Files\Java\jdk-17.0.5\bin"/>
    <property name="sun.java.command" value="C:\Users\Maste\AppData\Local\Temp\surefire11769957298476150442\surefirebooter8659596544174297586.jar C:\Users\Maste\AppData\Local\Temp\surefire11769957298476150442 2023-04-12T02-17-16_783-jvmRun1 surefire8364727895133266507tmp surefire_016988106356917237521tmp"/>
    <property name="jdk.debug" value="release"/>
    <property name="test" value="implementaciones.AlumnosDAOTest"/>
    <property name="surefire.test.class.path" value="C:\Users\Maste\OneDrive\Documentos\GitHub\AsistenciaBluetooth-Agiles\asistenciaPersistencia\target\test-classes;C:\Users\Maste\OneDrive\Documentos\GitHub\AsistenciaBluetooth-Agiles\asistenciaPersistencia\target\classes;C:\Users\Maste\.m2\repository\com\itson\mavenproject1\1.0-SNAPSHOT\mavenproject1-1.0-SNAPSHOT.jar;C:\Users\Maste\.m2\repository\org\eclipse\persistence\org.eclipse.persistence.core\2.7.10\org.eclipse.persistence.core-2.7.10.jar;C:\Users\Maste\.m2\repository\org\eclipse\persistence\org.eclipse.persistence.asm\9.2.0\org.eclipse.persistence.asm-9.2.0.jar;C:\Users\Maste\.m2\repository\org\eclipse\persistence\org.eclipse.persistence.antlr\2.7.10\org.eclipse.persistence.antlr-2.7.10.jar;C:\Users\Maste\.m2\repository\org\eclipse\persistence\org.eclipse.persistence.jpa\2.7.10\org.eclipse.persistence.jpa-2.7.10.jar;C:\Users\Maste\.m2\repository\org\eclipse\persistence\org.eclipse.persistence.jpa.jpql\2.7.10\org.eclipse.persistence.jpa.jpql-2.7.10.jar;C:\Users\Maste\.m2\repository\org\eclipse\persistence\org.eclipse.persistence.moxy\2.7.10\org.eclipse.persistence.moxy-2.7.10.jar;C:\Users\Maste\.m2\repository\org\eclipse\persistence\jakarta.persistence\2.2.3\jakarta.persistence-2.2.3.jar;C:\Users\Maste\.m2\repository\org\xerial\sqlite-jdbc\3.34.0\sqlite-jdbc-3.34.0.jar;C:\Users\Maste\.m2\repository\org\junit\jupiter\junit-jupiter-api\5.6.0\junit-jupiter-api-5.6.0.jar;C:\Users\Maste\.m2\repository\org\apiguardian\apiguardian-api\1.1.0\apiguardian-api-1.1.0.jar;C:\Users\Maste\.m2\repository\org\opentest4j\opentest4j\1.2.0\opentest4j-1.2.0.jar;C:\Users\Maste\.m2\repository\org\junit\platform\junit-platform-commons\1.6.0\junit-platform-commons-1.6.0.jar;C:\Users\Maste\.m2\repository\org\junit\jupiter\junit-jupiter-params\5.6.0\junit-jupiter-params-5.6.0.jar;C:\Users\Maste\.m2\repository\org\junit\jupiter\junit-jupiter-engine\5.6.0\junit-jupiter-engine-5.6.0.jar;C:\Users\Maste\.m2\repository\org\junit\platform\junit-platform-engine\1.6.0\junit-platform-engine-1.6.0.jar;"/>
    <property name="sun.cpu.endian" value="little"/>
    <property name="user.home" value="C:\Users\Maste"/>
    <property name="user.language" value="es"/>
    <property name="java.specification.vendor" value="Oracle Corporation"/>
    <property name="java.version.date" value="2022-10-18"/>
    <property name="java.home" value="C:\Program Files\Java\jdk-17.0.5"/>
    <property name="file.separator" value="\"/>
    <property name="basedir" value="C:\Users\Maste\OneDrive\Documentos\GitHub\AsistenciaBluetooth-Agiles\asistenciaPersistencia"/>
    <property name="java.vm.compressedOopsMode" value="Zero based"/>
    <property name="line.separator" value="&#10;"/>
    <property name="java.vm.specification.vendor" value="Oracle Corporation"/>
    <property name="java.specification.name" value="Java Platform API Specification"/>
    <property name="surefire.real.class.path" value="C:\Users\Maste\AppData\Local\Temp\surefire11769957298476150442\surefirebooter8659596544174297586.jar"/>
    <property name="user.script" value=""/>
    <property name="sun.management.compiler" value="HotSpot 64-Bit Tiered Compilers"/>
    <property name="java.runtime.version" value="17.0.5+9-LTS-191"/>
    <property name="user.name" value="Maste"/>
    <property name="path.separator" value=";"/>
    <property name="os.version" value="10.0"/>
    <property name="java.runtime.name" value="Java(TM) SE Runtime Environment"/>
    <property name="file.encoding" value="UTF-8"/>
    <property name="java.vm.name" value="Java HotSpot(TM) 64-Bit Server VM"/>
    <property name="maven.ext.class.path" value="C:\Program Files\NetBeans-15\netbeans\java\maven-nblib\netbeans-eventspy.jar"/>
    <property name="localRepository" value="C:\Users\Maste\.m2\repository"/>
    <property name="java.vendor.url.bug" value="https://bugreport.java.com/bugreport/"/>
    <property name="java.io.tmpdir" value="C:\Users\Maste\AppData\Local\Temp\"/>
    <property name="java.version" value="17.0.5"/>
    <property name="user.dir" value="C:\Users\Maste\OneDrive\Documentos\GitHub\AsistenciaBluetooth-Agiles\asistenciaPersistencia"/>
    <property name="os.arch" value="amd64"/>
    <property name="java.vm.specification.name" value="Java Virtual Machine Specification"/>
    <property name="sun.os.patch.level" value=""/>
    <property name="native.encoding" value="Cp1252"/>
    <property name="java.library.path" value="C:\Program Files\Java\jdk-17.0.5\bin;C:\WINDOWS\Sun\Java\bin;C:\WINDOWS\system32;C:\WINDOWS;C:\Program Files\Common Files\Oracle\Java\javapath;C:\Program Files (x86)\NVIDIA Corporation\PhysX\Common;C:\Program Files\Microsoft MPI\Bin\;C:\Program Files (x86)\Common Files\Oracle\Java\javapath;C:\ProgramData\Oracle\Java\javapath;C:\WINDOWS\system32;C:\WINDOWS;C:\WINDOWS\System32\Wbem;C:\WINDOWS\System32\WindowsPowerShell\v1.0\;C:\WINDOWS\System32\OpenSSH\;C:\Program Files\Azure Data Studio\bin;C:\Program Files\MySQL\MySQL Server 5.1\bin;C:\Program Files\Java\jdk-19\bin;C:\Program Files\dotnet\;C:\Program Files\MySQL\MySQL Shell 8.0\bin\;C:\Users\Maste\AppData\Local\Microsoft\WindowsApps;C:\Program Files\Azure Data Studio\bin;C:\Users\Maste\AppData\Local\GitHubDesktop\bin;C:\Users\Maste\AppData\Local\Programs\Microsoft VS Code\bin;C:\Users\Maste\.dotnet\tools;C:\sqlite;;."/>
    <property name="java.vm.info" value="mixed mode, sharing"/>
    <property name="java.vendor" value="Oracle Corporation"/>
    <property name="java.vm.version" value="17.0.5+9-LTS-191"/>
    <property name="sun.io.unicode.encoding" value="UnicodeLittle"/>
    <property name="java.class.version" value="61.0"/>
  </properties>
  <testcase name="testActualizar" classname="implementaciones.AlumnosDAOTest" time="0.031">
    <error message="Cannot invoke &quot;implementaciones.AlumnosDAO.actualizar(entidades.Alumno)&quot; because &quot;instance&quot; is null" type="java.lang.NullPointerException">java.lang.NullPointerException: Cannot invoke "implementaciones.AlumnosDAO.actualizar(entidades.Alumno)" because "instance" is null
	at implementaciones.AlumnosDAOTest.testActualizar(AlumnosDAOTest.java:46)
</error>
    <system-out><![CDATA[actualizar
]]></system-out>
  </testcase>
  <testcase name="testAgregar" classname="implementaciones.AlumnosDAOTest" time="0">
    <error message="Uncompilable code - no suitable constructor found for Alumno(java.lang.String,java.lang.String,java.lang.String,java.lang.String)&#10;    constructor entidades.Alumno.Alumno() is not applicable&#10;      (actual and formal argument lists differ in length)&#10;    constructor entidades.Alumno.Alumno(java.lang.Long,java.lang.String,java.lang.String,java.lang.String,java.lang.String,java.lang.String,java.util.List&lt;entidades.Asistencia&gt;) is not applicable&#10;      (actual and formal argument lists differ in length)" type="java.lang.RuntimeException"><![CDATA[java.lang.RuntimeException: 
Uncompilable code - no suitable constructor found for Alumno(java.lang.String,java.lang.String,java.lang.String,java.lang.String)
    constructor entidades.Alumno.Alumno() is not applicable
      (actual and formal argument lists differ in length)
    constructor entidades.Alumno.Alumno(java.lang.Long,java.lang.String,java.lang.String,java.lang.String,java.lang.String,java.lang.String,java.util.List<entidades.Asistencia>) is not applicable
      (actual and formal argument lists differ in length)
	at implementaciones.AlumnosDAOTest.testAgregar(AlumnosDAOTest.java:1)
]]></error>
  </testcase>
  <testcase name="testConsultarTodos" classname="implementaciones.AlumnosDAOTest" time="0.002">
    <error message="Cannot invoke &quot;implementaciones.AlumnosDAO.consultarTodos()&quot; because &quot;instance&quot; is null" type="java.lang.NullPointerException">java.lang.NullPointerException: Cannot invoke "implementaciones.AlumnosDAO.consultarTodos()" because "instance" is null
	at implementaciones.AlumnosDAOTest.testConsultarTodos(AlumnosDAOTest.java:73)
</error>
    <system-out><![CDATA[consultarTodos
]]></system-out>
  </testcase>
  <testcase name="testEliminar" classname="implementaciones.AlumnosDAOTest" time="0.001">
    <error message="Cannot invoke &quot;implementaciones.AlumnosDAO.eliminar(java.lang.Long)&quot; because &quot;instance&quot; is null" type="java.lang.NullPointerException">java.lang.NullPointerException: Cannot invoke "implementaciones.AlumnosDAO.eliminar(java.lang.Long)" because "instance" is null
	at implementaciones.AlumnosDAOTest.testEliminar(AlumnosDAOTest.java:60)
</error>
    <system-out><![CDATA[eliminar
]]></system-out>
  </testcase>
</testsuite>